生成启动时间为 2015/10/30 18:13:04。
     1>项目“D:\CodeSpace\DXTrunk_GameProject\GameProject1\GameProject1.vcxproj”在节点 2 上(rebuild 个目标)。
     1>InitializeBuildStatus:
         正在创建“.\Temp\GameProject1.unsuccessfulbuild”，因为已指定“AlwaysCreate”。
       ClCompile:
         C:\Program Files (x86)\Microsoft Visual Studio 10.0\VC\bin\CL.exe /c /I.\\StrandedEngine\\Include /I"C:\Program Files (x86)\Microsoft DirectX SDK (June 2010)\Include" /ZI /nologo /W3 /WX- /Od /Oy- /D _MBCS /Gm /EHsc /RTC1 /MDd /GS /fp:precise /Zc:wchar_t /Zc:forScope /Fo".\Temp\\" /Fd".\Temp\vc100.pdb" /Gd /TP /analyze- /errorReport:prompt main.cpp
         main.cpp
     1>d:\codespace\dxtrunk_gameproject\gameproject1\main.cpp(366): warning C4996: 'sprintf': This function or variable may be unsafe. Consider using sprintf_s instead. To disable deprecation, use _CRT_SECURE_NO_WARNINGS. See online help for details.
                 c:\program files (x86)\microsoft visual studio 10.0\vc\include\stdio.h(371) : 参见“sprintf”的声明
       Link:
         C:\Program Files (x86)\Microsoft Visual Studio 10.0\VC\bin\link.exe /ERRORREPORT:PROMPT /OUT:".\Bin32\GameProject1.exe" /NOLOGO /LIBPATH:.\\Lib /LIBPATH:"C:\Program Files (x86)\Microsoft DirectX SDK (June 2010)\Lib\x86" StrandedEngine.lib kernel32.lib user32.lib gdi32.lib winspool.lib comdlg32.lib advapi32.lib shell32.lib ole32.lib oleaut32.lib uuid.lib odbc32.lib odbccp32.lib /MANIFEST /ManifestFile:".\Temp\GameProject1.exe.intermediate.manifest" /MANIFESTUAC:"level='asInvoker' uiAccess='false'" /DEBUG /PDB:"D:\CodeSpace\DXTrunk_GameProject\GameProject1\Bin32\GameProject1.pdb" /TLBID:1 /DYNAMICBASE /NXCOMPAT /IMPLIB:".\Bin32\GameProject1.lib" /MACHINE:X86 .\Temp\main.obj
         GameProject1.vcxproj -> D:\CodeSpace\DXTrunk_GameProject\GameProject1\.\Bin32\GameProject1.exe
       Manifest:
         C:\Program Files (x86)\Microsoft SDKs\Windows\v7.0A\bin\mt.exe /nologo /verbose /outputresource:".\Bin32\GameProject1.exe;#1" /manifest .\Temp\GameProject1.exe.intermediate.manifest
       FinalizeBuildStatus:
         正在删除文件“.\Temp\GameProject1.unsuccessfulbuild”。
         正在对“.\Temp\GameProject1.lastbuildstate”执行 Touch 任务。
     1>已完成生成项目“D:\CodeSpace\DXTrunk_GameProject\GameProject1\GameProject1.vcxproj”(rebuild 个目标)的操作。

生成成功。

已用时间 00:00:00.73
